DEBUG - 2025-06-26 14:34:13 --> Session: Class initialized using 'CodeIgniter\Session\Handlers\FileHandler' driver.
DEBUG - 2025-06-26 14:35:12 --> Session: Class initialized using 'CodeIgniter\Session\Handlers\FileHandler' driver.
DEBUG - 2025-06-26 14:35:13 --> Session: Class initialized using 'CodeIgniter\Session\Handlers\FileHandler' driver.
DEBUG - 2025-06-26 14:35:26 --> Session: Class initialized using 'CodeIgniter\Session\Handlers\FileHandler' driver.
DEBUG - 2025-06-26 14:35:29 --> Session: Class initialized using 'CodeIgniter\Session\Handlers\FileHandler' driver.
CRITICAL - 2025-06-26 14:35:30 --> CodeIgniter\HTTP\Exceptions\HTTPException: 22 : The requested URL returned error: 400
[Method: POST, Route: recognize]
in SYSTEMPATH\HTTP\CURLRequest.php on line 709.
 1 SYSTEMPATH\HTTP\CURLRequest.php(709): CodeIgniter\HTTP\Exceptions\HTTPException::forCurlError('22', 'The requested URL returned error: 400')
 2 SYSTEMPATH\HTTP\CURLRequest.php(383): CodeIgniter\HTTP\CURLRequest->sendRequest([...])
 3 SYSTEMPATH\HTTP\CURLRequest.php(152): CodeIgniter\HTTP\CURLRequest->send('POST', 'http://localhost:5000/recognize')
 4 APPPATH\Controllers\Apps\FaceRecognition.php(28): CodeIgniter\HTTP\CURLRequest->request('POST', 'http://localhost:5000/recognize', [...])
 5 SYSTEMPATH\CodeIgniter.php(933): App\Controllers\Apps\FaceRecognition->recognize()
 6 SYSTEMPATH\CodeIgniter.php(507): CodeIgniter\CodeIgniter->runController(Object(App\Controllers\Apps\FaceRecognition))
 7 SYSTEMPATH\CodeIgniter.php(354): CodeIgniter\CodeIgniter->handleRequest(null, Object(Config\Cache), false)
 8 SYSTEMPATH\Boot.php(334): CodeIgniter\CodeIgniter->run()
 9 SYSTEMPATH\Boot.php(67): CodeIgniter\Boot::runCodeIgniter(Object(CodeIgniter\CodeIgniter))
10 FCPATH\index.php(56): CodeIgniter\Boot::bootWeb(Object(Config\Paths))
DEBUG - 2025-06-26 14:37:08 --> Session: Class initialized using 'CodeIgniter\Session\Handlers\FileHandler' driver.
DEBUG - 2025-06-26 14:37:10 --> Session: Class initialized using 'CodeIgniter\Session\Handlers\FileHandler' driver.
DEBUG - 2025-06-26 14:37:13 --> Session: Class initialized using 'CodeIgniter\Session\Handlers\FileHandler' driver.
CRITICAL - 2025-06-26 14:37:13 --> CodeIgniter\HTTP\Exceptions\HTTPException: 22 : The requested URL returned error: 400
[Method: POST, Route: recognize]
in SYSTEMPATH\HTTP\CURLRequest.php on line 709.
 1 SYSTEMPATH\HTTP\CURLRequest.php(709): CodeIgniter\HTTP\Exceptions\HTTPException::forCurlError('22', 'The requested URL returned error: 400')
 2 SYSTEMPATH\HTTP\CURLRequest.php(383): CodeIgniter\HTTP\CURLRequest->sendRequest([...])
 3 SYSTEMPATH\HTTP\CURLRequest.php(152): CodeIgniter\HTTP\CURLRequest->send('POST', 'http://localhost:5000/recognize')
 4 APPPATH\Controllers\Apps\FaceRecognition.php(28): CodeIgniter\HTTP\CURLRequest->request('POST', 'http://localhost:5000/recognize', [...])
 5 SYSTEMPATH\CodeIgniter.php(933): App\Controllers\Apps\FaceRecognition->recognize()
 6 SYSTEMPATH\CodeIgniter.php(507): CodeIgniter\CodeIgniter->runController(Object(App\Controllers\Apps\FaceRecognition))
 7 SYSTEMPATH\CodeIgniter.php(354): CodeIgniter\CodeIgniter->handleRequest(null, Object(Config\Cache), false)
 8 SYSTEMPATH\Boot.php(334): CodeIgniter\CodeIgniter->run()
 9 SYSTEMPATH\Boot.php(67): CodeIgniter\Boot::runCodeIgniter(Object(CodeIgniter\CodeIgniter))
10 FCPATH\index.php(56): CodeIgniter\Boot::bootWeb(Object(Config\Paths))
DEBUG - 2025-06-26 14:38:33 --> Session: Class initialized using 'CodeIgniter\Session\Handlers\FileHandler' driver.
DEBUG - 2025-06-26 14:38:34 --> Session: Class initialized using 'CodeIgniter\Session\Handlers\FileHandler' driver.
DEBUG - 2025-06-26 14:38:37 --> Session: Class initialized using 'CodeIgniter\Session\Handlers\FileHandler' driver.
DEBUG - 2025-06-26 14:38:52 --> Session: Class initialized using 'CodeIgniter\Session\Handlers\FileHandler' driver.
DEBUG - 2025-06-26 14:40:16 --> Session: Class initialized using 'CodeIgniter\Session\Handlers\FileHandler' driver.
DEBUG - 2025-06-26 14:40:17 --> Session: Class initialized using 'CodeIgniter\Session\Handlers\FileHandler' driver.
DEBUG - 2025-06-26 14:40:20 --> Session: Class initialized using 'CodeIgniter\Session\Handlers\FileHandler' driver.
DEBUG - 2025-06-26 14:42:21 --> Session: Class initialized using 'CodeIgniter\Session\Handlers\FileHandler' driver.
CRITICAL - 2025-06-26 14:42:21 --> CodeIgniter\HTTP\Exceptions\HTTPException: 22 : The requested URL returned error: 400
[Method: POST, Route: recognize]
in SYSTEMPATH\HTTP\CURLRequest.php on line 709.
 1 SYSTEMPATH\HTTP\CURLRequest.php(709): CodeIgniter\HTTP\Exceptions\HTTPException::forCurlError('22', 'The requested URL returned error: 400')
 2 SYSTEMPATH\HTTP\CURLRequest.php(383): CodeIgniter\HTTP\CURLRequest->sendRequest([...])
 3 SYSTEMPATH\HTTP\CURLRequest.php(152): CodeIgniter\HTTP\CURLRequest->send('POST', 'http://localhost:5000/recognize')
 4 APPPATH\Controllers\Apps\FaceRecognition.php(32): CodeIgniter\HTTP\CURLRequest->request('POST', 'http://localhost:5000/recognize', [...])
 5 SYSTEMPATH\CodeIgniter.php(933): App\Controllers\Apps\FaceRecognition->recognize()
 6 SYSTEMPATH\CodeIgniter.php(507): CodeIgniter\CodeIgniter->runController(Object(App\Controllers\Apps\FaceRecognition))
 7 SYSTEMPATH\CodeIgniter.php(354): CodeIgniter\CodeIgniter->handleRequest(null, Object(Config\Cache), false)
 8 SYSTEMPATH\Boot.php(334): CodeIgniter\CodeIgniter->run()
 9 SYSTEMPATH\Boot.php(67): CodeIgniter\Boot::runCodeIgniter(Object(CodeIgniter\CodeIgniter))
10 FCPATH\index.php(56): CodeIgniter\Boot::bootWeb(Object(Config\Paths))
DEBUG - 2025-06-26 14:42:32 --> Session: Class initialized using 'CodeIgniter\Session\Handlers\FileHandler' driver.
DEBUG - 2025-06-26 14:42:33 --> Session: Class initialized using 'CodeIgniter\Session\Handlers\FileHandler' driver.
DEBUG - 2025-06-26 14:42:36 --> Session: Class initialized using 'CodeIgniter\Session\Handlers\FileHandler' driver.
CRITICAL - 2025-06-26 14:42:36 --> CodeIgniter\HTTP\Exceptions\HTTPException: 22 : The requested URL returned error: 400
[Method: POST, Route: recognize]
in SYSTEMPATH\HTTP\CURLRequest.php on line 709.
 1 SYSTEMPATH\HTTP\CURLRequest.php(709): CodeIgniter\HTTP\Exceptions\HTTPException::forCurlError('22', 'The requested URL returned error: 400')
 2 SYSTEMPATH\HTTP\CURLRequest.php(383): CodeIgniter\HTTP\CURLRequest->sendRequest([...])
 3 SYSTEMPATH\HTTP\CURLRequest.php(152): CodeIgniter\HTTP\CURLRequest->send('POST', 'http://localhost:5000/recognize')
 4 APPPATH\Controllers\Apps\FaceRecognition.php(32): CodeIgniter\HTTP\CURLRequest->request('POST', 'http://localhost:5000/recognize', [...])
 5 SYSTEMPATH\CodeIgniter.php(933): App\Controllers\Apps\FaceRecognition->recognize()
 6 SYSTEMPATH\CodeIgniter.php(507): CodeIgniter\CodeIgniter->runController(Object(App\Controllers\Apps\FaceRecognition))
 7 SYSTEMPATH\CodeIgniter.php(354): CodeIgniter\CodeIgniter->handleRequest(null, Object(Config\Cache), false)
 8 SYSTEMPATH\Boot.php(334): CodeIgniter\CodeIgniter->run()
 9 SYSTEMPATH\Boot.php(67): CodeIgniter\Boot::runCodeIgniter(Object(CodeIgniter\CodeIgniter))
10 FCPATH\index.php(56): CodeIgniter\Boot::bootWeb(Object(Config\Paths))
DEBUG - 2025-06-26 14:43:52 --> Session: Class initialized using 'CodeIgniter\Session\Handlers\FileHandler' driver.
DEBUG - 2025-06-26 14:43:54 --> Session: Class initialized using 'CodeIgniter\Session\Handlers\FileHandler' driver.
DEBUG - 2025-06-26 14:43:57 --> Session: Class initialized using 'CodeIgniter\Session\Handlers\FileHandler' driver.
CRITICAL - 2025-06-26 14:43:57 --> CodeIgniter\HTTP\Exceptions\HTTPException: 22 : The requested URL returned error: 400
[Method: POST, Route: recognize]
in SYSTEMPATH\HTTP\CURLRequest.php on line 709.
 1 SYSTEMPATH\HTTP\CURLRequest.php(709): CodeIgniter\HTTP\Exceptions\HTTPException::forCurlError('22', 'The requested URL returned error: 400')
 2 SYSTEMPATH\HTTP\CURLRequest.php(383): CodeIgniter\HTTP\CURLRequest->sendRequest([...])
 3 SYSTEMPATH\HTTP\CURLRequest.php(152): CodeIgniter\HTTP\CURLRequest->send('POST', 'http://localhost:5000/recognize')
 4 APPPATH\Controllers\Apps\FaceRecognition.php(32): CodeIgniter\HTTP\CURLRequest->request('POST', 'http://localhost:5000/recognize', [...])
 5 SYSTEMPATH\CodeIgniter.php(933): App\Controllers\Apps\FaceRecognition->recognize()
 6 SYSTEMPATH\CodeIgniter.php(507): CodeIgniter\CodeIgniter->runController(Object(App\Controllers\Apps\FaceRecognition))
 7 SYSTEMPATH\CodeIgniter.php(354): CodeIgniter\CodeIgniter->handleRequest(null, Object(Config\Cache), false)
 8 SYSTEMPATH\Boot.php(334): CodeIgniter\CodeIgniter->run()
 9 SYSTEMPATH\Boot.php(67): CodeIgniter\Boot::runCodeIgniter(Object(CodeIgniter\CodeIgniter))
10 FCPATH\index.php(56): CodeIgniter\Boot::bootWeb(Object(Config\Paths))
DEBUG - 2025-06-26 14:44:21 --> Session: Class initialized using 'CodeIgniter\Session\Handlers\FileHandler' driver.
DEBUG - 2025-06-26 14:44:23 --> Session: Class initialized using 'CodeIgniter\Session\Handlers\FileHandler' driver.
DEBUG - 2025-06-26 14:44:26 --> Session: Class initialized using 'CodeIgniter\Session\Handlers\FileHandler' driver.
CRITICAL - 2025-06-26 14:44:26 --> CodeIgniter\HTTP\Exceptions\HTTPException: 22 : The requested URL returned error: 400
[Method: POST, Route: recognize]
in SYSTEMPATH\HTTP\CURLRequest.php on line 709.
 1 SYSTEMPATH\HTTP\CURLRequest.php(709): CodeIgniter\HTTP\Exceptions\HTTPException::forCurlError('22', 'The requested URL returned error: 400')
 2 SYSTEMPATH\HTTP\CURLRequest.php(383): CodeIgniter\HTTP\CURLRequest->sendRequest([...])
 3 SYSTEMPATH\HTTP\CURLRequest.php(152): CodeIgniter\HTTP\CURLRequest->send('POST', 'http://localhost:5000/recognize')
 4 APPPATH\Controllers\Apps\FaceRecognition.php(32): CodeIgniter\HTTP\CURLRequest->request('POST', 'http://localhost:5000/recognize', [...])
 5 SYSTEMPATH\CodeIgniter.php(933): App\Controllers\Apps\FaceRecognition->recognize()
 6 SYSTEMPATH\CodeIgniter.php(507): CodeIgniter\CodeIgniter->runController(Object(App\Controllers\Apps\FaceRecognition))
 7 SYSTEMPATH\CodeIgniter.php(354): CodeIgniter\CodeIgniter->handleRequest(null, Object(Config\Cache), false)
 8 SYSTEMPATH\Boot.php(334): CodeIgniter\CodeIgniter->run()
 9 SYSTEMPATH\Boot.php(67): CodeIgniter\Boot::runCodeIgniter(Object(CodeIgniter\CodeIgniter))
10 FCPATH\index.php(56): CodeIgniter\Boot::bootWeb(Object(Config\Paths))
DEBUG - 2025-06-26 14:44:49 --> Session: Class initialized using 'CodeIgniter\Session\Handlers\FileHandler' driver.
CRITICAL - 2025-06-26 14:44:50 --> CodeIgniter\HTTP\Exceptions\HTTPException: 22 : The requested URL returned error: 400
[Method: POST, Route: recognize]
in SYSTEMPATH\HTTP\CURLRequest.php on line 709.
 1 SYSTEMPATH\HTTP\CURLRequest.php(709): CodeIgniter\HTTP\Exceptions\HTTPException::forCurlError('22', 'The requested URL returned error: 400')
 2 SYSTEMPATH\HTTP\CURLRequest.php(383): CodeIgniter\HTTP\CURLRequest->sendRequest([...])
 3 SYSTEMPATH\HTTP\CURLRequest.php(152): CodeIgniter\HTTP\CURLRequest->send('POST', 'http://localhost:5000/recognize')
 4 APPPATH\Controllers\Apps\FaceRecognition.php(32): CodeIgniter\HTTP\CURLRequest->request('POST', 'http://localhost:5000/recognize', [...])
 5 SYSTEMPATH\CodeIgniter.php(933): App\Controllers\Apps\FaceRecognition->recognize()
 6 SYSTEMPATH\CodeIgniter.php(507): CodeIgniter\CodeIgniter->runController(Object(App\Controllers\Apps\FaceRecognition))
 7 SYSTEMPATH\CodeIgniter.php(354): CodeIgniter\CodeIgniter->handleRequest(null, Object(Config\Cache), false)
 8 SYSTEMPATH\Boot.php(334): CodeIgniter\CodeIgniter->run()
 9 SYSTEMPATH\Boot.php(67): CodeIgniter\Boot::runCodeIgniter(Object(CodeIgniter\CodeIgniter))
10 FCPATH\index.php(56): CodeIgniter\Boot::bootWeb(Object(Config\Paths))
DEBUG - 2025-06-26 14:44:54 --> Session: Class initialized using 'CodeIgniter\Session\Handlers\FileHandler' driver.
CRITICAL - 2025-06-26 14:44:54 --> CodeIgniter\HTTP\Exceptions\HTTPException: 22 : The requested URL returned error: 400
[Method: POST, Route: recognize]
in SYSTEMPATH\HTTP\CURLRequest.php on line 709.
 1 SYSTEMPATH\HTTP\CURLRequest.php(709): CodeIgniter\HTTP\Exceptions\HTTPException::forCurlError('22', 'The requested URL returned error: 400')
 2 SYSTEMPATH\HTTP\CURLRequest.php(383): CodeIgniter\HTTP\CURLRequest->sendRequest([...])
 3 SYSTEMPATH\HTTP\CURLRequest.php(152): CodeIgniter\HTTP\CURLRequest->send('POST', 'http://localhost:5000/recognize')
 4 APPPATH\Controllers\Apps\FaceRecognition.php(32): CodeIgniter\HTTP\CURLRequest->request('POST', 'http://localhost:5000/recognize', [...])
 5 SYSTEMPATH\CodeIgniter.php(933): App\Controllers\Apps\FaceRecognition->recognize()
 6 SYSTEMPATH\CodeIgniter.php(507): CodeIgniter\CodeIgniter->runController(Object(App\Controllers\Apps\FaceRecognition))
 7 SYSTEMPATH\CodeIgniter.php(354): CodeIgniter\CodeIgniter->handleRequest(null, Object(Config\Cache), false)
 8 SYSTEMPATH\Boot.php(334): CodeIgniter\CodeIgniter->run()
 9 SYSTEMPATH\Boot.php(67): CodeIgniter\Boot::runCodeIgniter(Object(CodeIgniter\CodeIgniter))
10 FCPATH\index.php(56): CodeIgniter\Boot::bootWeb(Object(Config\Paths))
DEBUG - 2025-06-26 14:47:03 --> Session: Class initialized using 'CodeIgniter\Session\Handlers\FileHandler' driver.
DEBUG - 2025-06-26 14:47:05 --> Session: Class initialized using 'CodeIgniter\Session\Handlers\FileHandler' driver.
DEBUG - 2025-06-26 14:47:07 --> Session: Class initialized using 'CodeIgniter\Session\Handlers\FileHandler' driver.
CRITICAL - 2025-06-26 14:47:07 --> CodeIgniter\HTTP\Exceptions\HTTPException: 22 : The requested URL returned error: 400
[Method: POST, Route: recognize]
in SYSTEMPATH\HTTP\CURLRequest.php on line 709.
 1 SYSTEMPATH\HTTP\CURLRequest.php(709): CodeIgniter\HTTP\Exceptions\HTTPException::forCurlError('22', 'The requested URL returned error: 400')
 2 SYSTEMPATH\HTTP\CURLRequest.php(383): CodeIgniter\HTTP\CURLRequest->sendRequest([...])
 3 SYSTEMPATH\HTTP\CURLRequest.php(152): CodeIgniter\HTTP\CURLRequest->send('POST', 'http://localhost:5000/recognize')
 4 APPPATH\Controllers\Apps\FaceRecognition.php(27): CodeIgniter\HTTP\CURLRequest->request('POST', 'http://localhost:5000/recognize', [...])
 5 SYSTEMPATH\CodeIgniter.php(933): App\Controllers\Apps\FaceRecognition->recognize()
 6 SYSTEMPATH\CodeIgniter.php(507): CodeIgniter\CodeIgniter->runController(Object(App\Controllers\Apps\FaceRecognition))
 7 SYSTEMPATH\CodeIgniter.php(354): CodeIgniter\CodeIgniter->handleRequest(null, Object(Config\Cache), false)
 8 SYSTEMPATH\Boot.php(334): CodeIgniter\CodeIgniter->run()
 9 SYSTEMPATH\Boot.php(67): CodeIgniter\Boot::runCodeIgniter(Object(CodeIgniter\CodeIgniter))
10 FCPATH\index.php(56): CodeIgniter\Boot::bootWeb(Object(Config\Paths))
DEBUG - 2025-06-26 14:50:55 --> Session: Class initialized using 'CodeIgniter\Session\Handlers\FileHandler' driver.
DEBUG - 2025-06-26 14:50:56 --> Session: Class initialized using 'CodeIgniter\Session\Handlers\FileHandler' driver.
DEBUG - 2025-06-26 14:51:00 --> Session: Class initialized using 'CodeIgniter\Session\Handlers\FileHandler' driver.
CRITICAL - 2025-06-26 14:51:00 --> CodeIgniter\HTTP\Exceptions\HTTPException: 22 : The requested URL returned error: 400
[Method: POST, Route: recognize]
in SYSTEMPATH\HTTP\CURLRequest.php on line 709.
 1 SYSTEMPATH\HTTP\CURLRequest.php(709): CodeIgniter\HTTP\Exceptions\HTTPException::forCurlError('22', 'The requested URL returned error: 400')
 2 SYSTEMPATH\HTTP\CURLRequest.php(383): CodeIgniter\HTTP\CURLRequest->sendRequest([...])
 3 SYSTEMPATH\HTTP\CURLRequest.php(152): CodeIgniter\HTTP\CURLRequest->send('POST', 'http://localhost:5000/recognize')
 4 APPPATH\Controllers\Apps\FaceRecognition.php(27): CodeIgniter\HTTP\CURLRequest->request('POST', 'http://localhost:5000/recognize', [...])
 5 SYSTEMPATH\CodeIgniter.php(933): App\Controllers\Apps\FaceRecognition->recognize()
 6 SYSTEMPATH\CodeIgniter.php(507): CodeIgniter\CodeIgniter->runController(Object(App\Controllers\Apps\FaceRecognition))
 7 SYSTEMPATH\CodeIgniter.php(354): CodeIgniter\CodeIgniter->handleRequest(null, Object(Config\Cache), false)
 8 SYSTEMPATH\Boot.php(334): CodeIgniter\CodeIgniter->run()
 9 SYSTEMPATH\Boot.php(67): CodeIgniter\Boot::runCodeIgniter(Object(CodeIgniter\CodeIgniter))
10 FCPATH\index.php(56): CodeIgniter\Boot::bootWeb(Object(Config\Paths))
DEBUG - 2025-06-26 14:53:58 --> Session: Class initialized using 'CodeIgniter\Session\Handlers\FileHandler' driver.
DEBUG - 2025-06-26 14:53:59 --> Session: Class initialized using 'CodeIgniter\Session\Handlers\FileHandler' driver.
DEBUG - 2025-06-26 14:54:02 --> Session: Class initialized using 'CodeIgniter\Session\Handlers\FileHandler' driver.
CRITICAL - 2025-06-26 14:54:02 --> CodeIgniter\HTTP\Exceptions\HTTPException: 22 : The requested URL returned error: 400
[Method: POST, Route: recognize]
in SYSTEMPATH\HTTP\CURLRequest.php on line 709.
 1 SYSTEMPATH\HTTP\CURLRequest.php(709): CodeIgniter\HTTP\Exceptions\HTTPException::forCurlError('22', 'The requested URL returned error: 400')
 2 SYSTEMPATH\HTTP\CURLRequest.php(383): CodeIgniter\HTTP\CURLRequest->sendRequest([...])
 3 SYSTEMPATH\HTTP\CURLRequest.php(152): CodeIgniter\HTTP\CURLRequest->send('POST', 'http://localhost:5000/recognize')
 4 APPPATH\Controllers\Apps\FaceRecognition.php(27): CodeIgniter\HTTP\CURLRequest->request('POST', 'http://localhost:5000/recognize', [...])
 5 SYSTEMPATH\CodeIgniter.php(933): App\Controllers\Apps\FaceRecognition->recognize()
 6 SYSTEMPATH\CodeIgniter.php(507): CodeIgniter\CodeIgniter->runController(Object(App\Controllers\Apps\FaceRecognition))
 7 SYSTEMPATH\CodeIgniter.php(354): CodeIgniter\CodeIgniter->handleRequest(null, Object(Config\Cache), false)
 8 SYSTEMPATH\Boot.php(334): CodeIgniter\CodeIgniter->run()
 9 SYSTEMPATH\Boot.php(67): CodeIgniter\Boot::runCodeIgniter(Object(CodeIgniter\CodeIgniter))
10 FCPATH\index.php(56): CodeIgniter\Boot::bootWeb(Object(Config\Paths))
DEBUG - 2025-06-26 14:55:38 --> Session: Class initialized using 'CodeIgniter\Session\Handlers\FileHandler' driver.
DEBUG - 2025-06-26 14:55:47 --> Session: Class initialized using 'CodeIgniter\Session\Handlers\FileHandler' driver.
DEBUG - 2025-06-26 14:55:50 --> Session: Class initialized using 'CodeIgniter\Session\Handlers\FileHandler' driver.
DEBUG - 2025-06-26 14:57:05 --> Session: Class initialized using 'CodeIgniter\Session\Handlers\FileHandler' driver.
DEBUG - 2025-06-26 14:57:05 --> Session: Class initialized using 'CodeIgniter\Session\Handlers\FileHandler' driver.
DEBUG - 2025-06-26 14:57:09 --> Session: Class initialized using 'CodeIgniter\Session\Handlers\FileHandler' driver.
DEBUG - 2025-06-26 14:58:48 --> Session: Class initialized using 'CodeIgniter\Session\Handlers\FileHandler' driver.
DEBUG - 2025-06-26 14:58:49 --> Session: Class initialized using 'CodeIgniter\Session\Handlers\FileHandler' driver.
DEBUG - 2025-06-26 14:58:52 --> Session: Class initialized using 'CodeIgniter\Session\Handlers\FileHandler' driver.
DEBUG - 2025-06-26 15:02:55 --> Session: Class initialized using 'CodeIgniter\Session\Handlers\FileHandler' driver.
DEBUG - 2025-06-26 15:02:57 --> Session: Class initialized using 'CodeIgniter\Session\Handlers\FileHandler' driver.
DEBUG - 2025-06-26 15:03:00 --> Session: Class initialized using 'CodeIgniter\Session\Handlers\FileHandler' driver.
